<?xml version="1.0" encoding="UTF-8"?>
<testsuite xmlns:xsi="http://www.w3.org/2001/XMLSchema-instance" xsi:noNamespaceSchemaLocation="https://maven.apache.org/surefire/maven-surefire-plugin/xsd/surefire-test-report-3.0.xsd" version="3.0" name="TestSuite" time="27.979" tests="5" errors="0" skipped="0" failures="0">
  <properties>
    <property name="sun.desktop" value="gnome"/>
    <property name="awt.toolkit" value="sun.awt.X11.XToolkit"/>
    <property name="java.specification.version" value="11"/>
    <property name="sun.cpu.isalist" value=""/>
    <property name="sun.jnu.encoding" value="UTF-8"/>
    <property name="java.class.path" value="/home/razz/IdeaProjects/TestNGUbuntu/target/test-classes:/home/razz/IdeaProjects/TestNGUbuntu/target/classes:/home/razz/.m2/repository/org/seleniumhq/selenium/selenium-java/3.141.59/selenium-java-3.141.59.jar:/home/razz/.m2/repository/org/seleniumhq/selenium/selenium-api/3.141.59/selenium-api-3.141.59.jar:/home/razz/.m2/repository/org/seleniumhq/selenium/selenium-chrome-driver/3.141.59/selenium-chrome-driver-3.141.59.jar:/home/razz/.m2/repository/org/seleniumhq/selenium/selenium-edge-driver/3.141.59/selenium-edge-driver-3.141.59.jar:/home/razz/.m2/repository/org/seleniumhq/selenium/selenium-firefox-driver/3.141.59/selenium-firefox-driver-3.141.59.jar:/home/razz/.m2/repository/org/seleniumhq/selenium/selenium-ie-driver/3.141.59/selenium-ie-driver-3.141.59.jar:/home/razz/.m2/repository/org/seleniumhq/selenium/selenium-opera-driver/3.141.59/selenium-opera-driver-3.141.59.jar:/home/razz/.m2/repository/org/seleniumhq/selenium/selenium-remote-driver/3.141.59/selenium-remote-driver-3.141.59.jar:/home/razz/.m2/repository/org/seleniumhq/selenium/selenium-safari-driver/3.141.59/selenium-safari-driver-3.141.59.jar:/home/razz/.m2/repository/org/seleniumhq/selenium/selenium-support/3.141.59/selenium-support-3.141.59.jar:/home/razz/.m2/repository/net/bytebuddy/byte-buddy/1.8.15/byte-buddy-1.8.15.jar:/home/razz/.m2/repository/org/apache/commons/commons-exec/1.3/commons-exec-1.3.jar:/home/razz/.m2/repository/com/google/guava/guava/25.0-jre/guava-25.0-jre.jar:/home/razz/.m2/repository/org/checkerframework/checker-compat-qual/2.0.0/checker-compat-qual-2.0.0.jar:/home/razz/.m2/repository/com/google/errorprone/error_prone_annotations/2.1.3/error_prone_annotations-2.1.3.jar:/home/razz/.m2/repository/com/google/j2objc/j2objc-annotations/1.1/j2objc-annotations-1.1.jar:/home/razz/.m2/repository/org/codehaus/mojo/animal-sniffer-annotations/1.14/animal-sniffer-annotations-1.14.jar:/home/razz/.m2/repository/com/squareup/okhttp3/okhttp/3.11.0/okhttp-3.11.0.jar:/home/razz/.m2/repository/com/squareup/okio/okio/1.14.0/okio-1.14.0.jar:/home/razz/.m2/repository/org/apache/maven/maven-plugin-api/3.6.3/maven-plugin-api-3.6.3.jar:/home/razz/.m2/repository/org/apache/maven/maven-model/3.6.3/maven-model-3.6.3.jar:/home/razz/.m2/repository/org/apache/maven/maven-artifact/3.6.3/maven-artifact-3.6.3.jar:/home/razz/.m2/repository/org/eclipse/sisu/org.eclipse.sisu.plexus/0.3.4/org.eclipse.sisu.plexus-0.3.4.jar:/home/razz/.m2/repository/javax/enterprise/cdi-api/1.0/cdi-api-1.0.jar:/home/razz/.m2/repository/javax/annotation/jsr250-api/1.0/jsr250-api-1.0.jar:/home/razz/.m2/repository/javax/inject/javax.inject/1/javax.inject-1.jar:/home/razz/.m2/repository/org/eclipse/sisu/org.eclipse.sisu.inject/0.3.4/org.eclipse.sisu.inject-0.3.4.jar:/home/razz/.m2/repository/org/codehaus/plexus/plexus-component-annotations/1.5.5/plexus-component-annotations-1.5.5.jar:/home/razz/.m2/repository/org/codehaus/plexus/plexus-utils/3.2.1/plexus-utils-3.2.1.jar:/home/razz/.m2/repository/org/codehaus/plexus/plexus-classworlds/2.6.0/plexus-classworlds-2.6.0.jar:/home/razz/.m2/repository/io/github/bonigarcia/webdrivermanager/5.2.0/webdrivermanager-5.2.0.jar:/home/razz/.m2/repository/org/slf4j/slf4j-api/1.7.36/slf4j-api-1.7.36.jar:/home/razz/.m2/repository/com/google/code/gson/gson/2.9.0/gson-2.9.0.jar:/home/razz/.m2/repository/com/github/docker-java/docker-java/3.2.13/docker-java-3.2.13.jar:/home/razz/.m2/repository/com/github/docker-java/docker-java-core/3.2.13/docker-java-core-3.2.13.jar:/home/razz/.m2/repository/com/github/docker-java/docker-java-api/3.2.13/docker-java-api-3.2.13.jar:/home/razz/.m2/repository/com/fasterxml/jackson/core/jackson-annotations/2.10.3/jackson-annotations-2.10.3.jar:/home/razz/.m2/repository/com/fasterxml/jackson/core/jackson-databind/2.10.3/jackson-databind-2.10.3.jar:/home/razz/.m2/repository/com/fasterxml/jackson/core/jackson-core/2.10.3/jackson-core-2.10.3.jar:/home/razz/.m2/repository/org/bouncycastle/bcpkix-jdk15on/1.64/bcpkix-jdk15on-1.64.jar:/home/razz/.m2/repository/org/bouncycastle/bcprov-jdk15on/1.64/bcprov-jdk15on-1.64.jar:/home/razz/.m2/repository/org/slf4j/jcl-over-slf4j/1.7.30/jcl-over-slf4j-1.7.30.jar:/home/razz/.m2/repository/com/github/docker-java/docker-java-transport-httpclient5/3.2.13/docker-java-transport-httpclient5-3.2.13.jar:/home/razz/.m2/repository/com/github/docker-java/docker-java-transport/3.2.13/docker-java-transport-3.2.13.jar:/home/razz/.m2/repository/net/java/dev/jna/jna/5.8.0/jna-5.8.0.jar:/home/razz/.m2/repository/org/brotli/dec/0.1.2/dec-0.1.2.jar:/home/razz/.m2/repository/org/apache/commons/commons-lang3/3.12.0/commons-lang3-3.12.0.jar:/home/razz/.m2/repository/org/apache/httpcomponents/client5/httpclient5/5.1.3/httpclient5-5.1.3.jar:/home/razz/.m2/repository/org/apache/httpcomponents/core5/httpcore5/5.1.3/httpcore5-5.1.3.jar:/home/razz/.m2/repository/org/apache/httpcomponents/core5/httpcore5-h2/5.1.3/httpcore5-h2-5.1.3.jar:/home/razz/.m2/repository/commons-codec/commons-codec/1.15/commons-codec-1.15.jar:/home/razz/.m2/repository/org/testng/testng/7.5/testng-7.5.jar:/home/razz/.m2/repository/com/google/code/findbugs/jsr305/3.0.1/jsr305-3.0.1.jar:/home/razz/.m2/repository/com/beust/jcommander/1.78/jcommander-1.78.jar:/home/razz/.m2/repository/org/webjars/jquery/3.5.1/jquery-3.5.1.jar:/home/razz/.m2/repository/org/apache/poi/poi-ooxml/5.2.2/poi-ooxml-5.2.2.jar:/home/razz/.m2/repository/org/apache/poi/poi/5.2.2/poi-5.2.2.jar:/home/razz/.m2/repository/org/apache/commons/commons-math3/3.6.1/commons-math3-3.6.1.jar:/home/razz/.m2/repository/com/zaxxer/SparseBitSet/1.2/SparseBitSet-1.2.jar:/home/razz/.m2/repository/org/apache/poi/poi-ooxml-lite/5.2.2/poi-ooxml-lite-5.2.2.jar:/home/razz/.m2/repository/org/apache/xmlbeans/xmlbeans/5.0.3/xmlbeans-5.0.3.jar:/home/razz/.m2/repository/org/apache/commons/commons-compress/1.21/commons-compress-1.21.jar:/home/razz/.m2/repository/commons-io/commons-io/2.11.0/commons-io-2.11.0.jar:/home/razz/.m2/repository/com/github/virtuald/curvesapi/1.07/curvesapi-1.07.jar:/home/razz/.m2/repository/org/apache/logging/log4j/log4j-api/2.17.2/log4j-api-2.17.2.jar:/home/razz/.m2/repository/org/apache/commons/commons-collections4/4.4/commons-collections4-4.4.jar:/home/razz/.m2/repository/io/rest-assured/rest-assured/4.5.1/rest-assured-4.5.1.jar:/home/razz/.m2/repository/org/codehaus/groovy/groovy/3.0.9/groovy-3.0.9.jar:/home/razz/.m2/repository/org/codehaus/groovy/groovy-xml/3.0.9/groovy-xml-3.0.9.jar:/home/razz/.m2/repository/org/apache/httpcomponents/httpclient/4.5.13/httpclient-4.5.13.jar:/home/razz/.m2/repository/org/apache/httpcomponents/httpcore/4.4.13/httpcore-4.4.13.jar:/home/razz/.m2/repository/commons-logging/commons-logging/1.2/commons-logging-1.2.jar:/home/razz/.m2/repository/org/apache/httpcomponents/httpmime/4.5.13/httpmime-4.5.13.jar:/home/razz/.m2/repository/org/hamcrest/hamcrest/2.1/hamcrest-2.1.jar:/home/razz/.m2/repository/org/ccil/cowan/tagsoup/tagsoup/1.2.1/tagsoup-1.2.1.jar:/home/razz/.m2/repository/io/rest-assured/json-path/4.5.1/json-path-4.5.1.jar:/home/razz/.m2/repository/org/codehaus/groovy/groovy-json/3.0.9/groovy-json-3.0.9.jar:/home/razz/.m2/repository/io/rest-assured/rest-assured-common/4.5.1/rest-assured-common-4.5.1.jar:/home/razz/.m2/repository/io/rest-assured/xml-path/4.5.1/xml-path-4.5.1.jar:"/>
    <property name="java.vm.vendor" value="Ubuntu"/>
    <property name="sun.arch.data.model" value="64"/>
    <property name="java.vendor.url" value="https://ubuntu.com/"/>
    <property name="user.timezone" value="America/New_York"/>
    <property name="java.vm.specification.version" value="11"/>
    <property name="os.name" value="Linux"/>
    <property name="sun.java.launcher" value="SUN_STANDARD"/>
    <property name="user.country" value="US"/>
    <property name="sun.boot.library.path" value="/usr/lib/jvm/java-11-openjdk-amd64/lib"/>
    <property name="sun.java.command" value="/home/razz/IdeaProjects/TestNGUbuntu/target/surefire/surefirebooter7298700093979063667.jar /home/razz/IdeaProjects/TestNGUbuntu/target/surefire 2022-10-05T10-43-17_317-jvmRun1 surefire3924994908866326130tmp surefire_016388412590385696831tmp"/>
    <property name="jdk.debug" value="release"/>
    <property name="surefire.test.class.path" value="/home/razz/IdeaProjects/TestNGUbuntu/target/test-classes:/home/razz/IdeaProjects/TestNGUbuntu/target/classes:/home/razz/.m2/repository/org/seleniumhq/selenium/selenium-java/3.141.59/selenium-java-3.141.59.jar:/home/razz/.m2/repository/org/seleniumhq/selenium/selenium-api/3.141.59/selenium-api-3.141.59.jar:/home/razz/.m2/repository/org/seleniumhq/selenium/selenium-chrome-driver/3.141.59/selenium-chrome-driver-3.141.59.jar:/home/razz/.m2/repository/org/seleniumhq/selenium/selenium-edge-driver/3.141.59/selenium-edge-driver-3.141.59.jar:/home/razz/.m2/repository/org/seleniumhq/selenium/selenium-firefox-driver/3.141.59/selenium-firefox-driver-3.141.59.jar:/home/razz/.m2/repository/org/seleniumhq/selenium/selenium-ie-driver/3.141.59/selenium-ie-driver-3.141.59.jar:/home/razz/.m2/repository/org/seleniumhq/selenium/selenium-opera-driver/3.141.59/selenium-opera-driver-3.141.59.jar:/home/razz/.m2/repository/org/seleniumhq/selenium/selenium-remote-driver/3.141.59/selenium-remote-driver-3.141.59.jar:/home/razz/.m2/repository/org/seleniumhq/selenium/selenium-safari-driver/3.141.59/selenium-safari-driver-3.141.59.jar:/home/razz/.m2/repository/org/seleniumhq/selenium/selenium-support/3.141.59/selenium-support-3.141.59.jar:/home/razz/.m2/repository/net/bytebuddy/byte-buddy/1.8.15/byte-buddy-1.8.15.jar:/home/razz/.m2/repository/org/apache/commons/commons-exec/1.3/commons-exec-1.3.jar:/home/razz/.m2/repository/com/google/guava/guava/25.0-jre/guava-25.0-jre.jar:/home/razz/.m2/repository/org/checkerframework/checker-compat-qual/2.0.0/checker-compat-qual-2.0.0.jar:/home/razz/.m2/repository/com/google/errorprone/error_prone_annotations/2.1.3/error_prone_annotations-2.1.3.jar:/home/razz/.m2/repository/com/google/j2objc/j2objc-annotations/1.1/j2objc-annotations-1.1.jar:/home/razz/.m2/repository/org/codehaus/mojo/animal-sniffer-annotations/1.14/animal-sniffer-annotations-1.14.jar:/home/razz/.m2/repository/com/squareup/okhttp3/okhttp/3.11.0/okhttp-3.11.0.jar:/home/razz/.m2/repository/com/squareup/okio/okio/1.14.0/okio-1.14.0.jar:/home/razz/.m2/repository/org/apache/maven/maven-plugin-api/3.6.3/maven-plugin-api-3.6.3.jar:/home/razz/.m2/repository/org/apache/maven/maven-model/3.6.3/maven-model-3.6.3.jar:/home/razz/.m2/repository/org/apache/maven/maven-artifact/3.6.3/maven-artifact-3.6.3.jar:/home/razz/.m2/repository/org/eclipse/sisu/org.eclipse.sisu.plexus/0.3.4/org.eclipse.sisu.plexus-0.3.4.jar:/home/razz/.m2/repository/javax/enterprise/cdi-api/1.0/cdi-api-1.0.jar:/home/razz/.m2/repository/javax/annotation/jsr250-api/1.0/jsr250-api-1.0.jar:/home/razz/.m2/repository/javax/inject/javax.inject/1/javax.inject-1.jar:/home/razz/.m2/repository/org/eclipse/sisu/org.eclipse.sisu.inject/0.3.4/org.eclipse.sisu.inject-0.3.4.jar:/home/razz/.m2/repository/org/codehaus/plexus/plexus-component-annotations/1.5.5/plexus-component-annotations-1.5.5.jar:/home/razz/.m2/repository/org/codehaus/plexus/plexus-utils/3.2.1/plexus-utils-3.2.1.jar:/home/razz/.m2/repository/org/codehaus/plexus/plexus-classworlds/2.6.0/plexus-classworlds-2.6.0.jar:/home/razz/.m2/repository/io/github/bonigarcia/webdrivermanager/5.2.0/webdrivermanager-5.2.0.jar:/home/razz/.m2/repository/org/slf4j/slf4j-api/1.7.36/slf4j-api-1.7.36.jar:/home/razz/.m2/repository/com/google/code/gson/gson/2.9.0/gson-2.9.0.jar:/home/razz/.m2/repository/com/github/docker-java/docker-java/3.2.13/docker-java-3.2.13.jar:/home/razz/.m2/repository/com/github/docker-java/docker-java-core/3.2.13/docker-java-core-3.2.13.jar:/home/razz/.m2/repository/com/github/docker-java/docker-java-api/3.2.13/docker-java-api-3.2.13.jar:/home/razz/.m2/repository/com/fasterxml/jackson/core/jackson-annotations/2.10.3/jackson-annotations-2.10.3.jar:/home/razz/.m2/repository/com/fasterxml/jackson/core/jackson-databind/2.10.3/jackson-databind-2.10.3.jar:/home/razz/.m2/repository/com/fasterxml/jackson/core/jackson-core/2.10.3/jackson-core-2.10.3.jar:/home/razz/.m2/repository/org/bouncycastle/bcpkix-jdk15on/1.64/bcpkix-jdk15on-1.64.jar:/home/razz/.m2/repository/org/bouncycastle/bcprov-jdk15on/1.64/bcprov-jdk15on-1.64.jar:/home/razz/.m2/repository/org/slf4j/jcl-over-slf4j/1.7.30/jcl-over-slf4j-1.7.30.jar:/home/razz/.m2/repository/com/github/docker-java/docker-java-transport-httpclient5/3.2.13/docker-java-transport-httpclient5-3.2.13.jar:/home/razz/.m2/repository/com/github/docker-java/docker-java-transport/3.2.13/docker-java-transport-3.2.13.jar:/home/razz/.m2/repository/net/java/dev/jna/jna/5.8.0/jna-5.8.0.jar:/home/razz/.m2/repository/org/brotli/dec/0.1.2/dec-0.1.2.jar:/home/razz/.m2/repository/org/apache/commons/commons-lang3/3.12.0/commons-lang3-3.12.0.jar:/home/razz/.m2/repository/org/apache/httpcomponents/client5/httpclient5/5.1.3/httpclient5-5.1.3.jar:/home/razz/.m2/repository/org/apache/httpcomponents/core5/httpcore5/5.1.3/httpcore5-5.1.3.jar:/home/razz/.m2/repository/org/apache/httpcomponents/core5/httpcore5-h2/5.1.3/httpcore5-h2-5.1.3.jar:/home/razz/.m2/repository/commons-codec/commons-codec/1.15/commons-codec-1.15.jar:/home/razz/.m2/repository/org/testng/testng/7.5/testng-7.5.jar:/home/razz/.m2/repository/com/google/code/findbugs/jsr305/3.0.1/jsr305-3.0.1.jar:/home/razz/.m2/repository/com/beust/jcommander/1.78/jcommander-1.78.jar:/home/razz/.m2/repository/org/webjars/jquery/3.5.1/jquery-3.5.1.jar:/home/razz/.m2/repository/org/apache/poi/poi-ooxml/5.2.2/poi-ooxml-5.2.2.jar:/home/razz/.m2/repository/org/apache/poi/poi/5.2.2/poi-5.2.2.jar:/home/razz/.m2/repository/org/apache/commons/commons-math3/3.6.1/commons-math3-3.6.1.jar:/home/razz/.m2/repository/com/zaxxer/SparseBitSet/1.2/SparseBitSet-1.2.jar:/home/razz/.m2/repository/org/apache/poi/poi-ooxml-lite/5.2.2/poi-ooxml-lite-5.2.2.jar:/home/razz/.m2/repository/org/apache/xmlbeans/xmlbeans/5.0.3/xmlbeans-5.0.3.jar:/home/razz/.m2/repository/org/apache/commons/commons-compress/1.21/commons-compress-1.21.jar:/home/razz/.m2/repository/commons-io/commons-io/2.11.0/commons-io-2.11.0.jar:/home/razz/.m2/repository/com/github/virtuald/curvesapi/1.07/curvesapi-1.07.jar:/home/razz/.m2/repository/org/apache/logging/log4j/log4j-api/2.17.2/log4j-api-2.17.2.jar:/home/razz/.m2/repository/org/apache/commons/commons-collections4/4.4/commons-collections4-4.4.jar:/home/razz/.m2/repository/io/rest-assured/rest-assured/4.5.1/rest-assured-4.5.1.jar:/home/razz/.m2/repository/org/codehaus/groovy/groovy/3.0.9/groovy-3.0.9.jar:/home/razz/.m2/repository/org/codehaus/groovy/groovy-xml/3.0.9/groovy-xml-3.0.9.jar:/home/razz/.m2/repository/org/apache/httpcomponents/httpclient/4.5.13/httpclient-4.5.13.jar:/home/razz/.m2/repository/org/apache/httpcomponents/httpcore/4.4.13/httpcore-4.4.13.jar:/home/razz/.m2/repository/commons-logging/commons-logging/1.2/commons-logging-1.2.jar:/home/razz/.m2/repository/org/apache/httpcomponents/httpmime/4.5.13/httpmime-4.5.13.jar:/home/razz/.m2/repository/org/hamcrest/hamcrest/2.1/hamcrest-2.1.jar:/home/razz/.m2/repository/org/ccil/cowan/tagsoup/tagsoup/1.2.1/tagsoup-1.2.1.jar:/home/razz/.m2/repository/io/rest-assured/json-path/4.5.1/json-path-4.5.1.jar:/home/razz/.m2/repository/org/codehaus/groovy/groovy-json/3.0.9/groovy-json-3.0.9.jar:/home/razz/.m2/repository/io/rest-assured/rest-assured-common/4.5.1/rest-assured-common-4.5.1.jar:/home/razz/.m2/repository/io/rest-assured/xml-path/4.5.1/xml-path-4.5.1.jar:"/>
    <property name="sun.cpu.endian" value="little"/>
    <property name="user.home" value="/home/razz"/>
    <property name="user.language" value="en"/>
    <property name="java.specification.vendor" value="Oracle Corporation"/>
    <property name="java.version.date" value="2022-07-19"/>
    <property name="java.home" value="/usr/lib/jvm/java-11-openjdk-amd64"/>
    <property name="file.separator" value="/"/>
    <property name="basedir" value="/home/razz/IdeaProjects/TestNGUbuntu"/>
    <property name="java.vm.compressedOopsMode" value="Zero based"/>
    <property name="line.separator" value="&#10;"/>
    <property name="java.specification.name" value="Java Platform API Specification"/>
    <property name="java.vm.specification.vendor" value="Oracle Corporation"/>
    <property name="java.awt.graphicsenv" value="sun.awt.X11GraphicsEnvironment"/>
    <property name="surefire.real.class.path" value="/home/razz/IdeaProjects/TestNGUbuntu/target/surefire/surefirebooter7298700093979063667.jar"/>
    <property name="sun.management.compiler" value="HotSpot 64-Bit Tiered Compilers"/>
    <property name="java.runtime.version" value="11.0.16+8-post-Ubuntu-0ubuntu122.04"/>
    <property name="user.name" value="razz"/>
    <property name="path.separator" value=":"/>
    <property name="os.version" value="5.15.0-48-generic"/>
    <property name="java.runtime.name" value="OpenJDK Runtime Environment"/>
    <property name="file.encoding" value="UTF-8"/>
    <property name="java.vm.name" value="OpenJDK 64-Bit Server VM"/>
    <property name="localRepository" value="/home/razz/.m2/repository"/>
    <property name="java.vendor.url.bug" value="https://bugs.launchpad.net/ubuntu/+source/openjdk-lts"/>
    <property name="java.io.tmpdir" value="/tmp"/>
    <property name="java.version" value="11.0.16"/>
    <property name="user.dir" value="/home/razz/IdeaProjects/TestNGUbuntu"/>
    <property name="os.arch" value="amd64"/>
    <property name="webdriver.gecko.driver" value="/home/razz/.cache/selenium/geckodriver/linux64/0.31.0/geckodriver"/>
    <property name="java.vm.specification.name" value="Java Virtual Machine Specification"/>
    <property name="java.awt.printerjob" value="sun.print.PSPrinterJob"/>
    <property name="sun.os.patch.level" value="unknown"/>
    <property name="java.library.path" value="/usr/java/packages/lib:/usr/lib/x86_64-linux-gnu/jni:/lib/x86_64-linux-gnu:/usr/lib/x86_64-linux-gnu:/usr/lib/jni:/lib:/usr/lib"/>
    <property name="java.vm.info" value="mixed mode"/>
    <property name="java.vendor" value="Ubuntu"/>
    <property name="java.vm.version" value="11.0.16+8-post-Ubuntu-0ubuntu122.04"/>
    <property name="sun.io.unicode.encoding" value="UnicodeLittle"/>
    <property name="java.class.version" value="55.0"/>
  </properties>
  <testcase name="FileUpload" classname="featureTwo.Scenario1" time="1.303">
    <system-out><![CDATA[Name of the file: some-file.txt, uploaded file: some-file.txt
]]></system-out>
    <system-err><![CDATA[SLF4J: Failed to load class "org.slf4j.impl.StaticLoggerBinder".
SLF4J: Defaulting to no-operation (NOP) logger implementation
SLF4J: See http://www.slf4j.org/codes.html#StaticLoggerBinder for further details.
1664980998205	geckodriver	INFO	Listening on 127.0.0.1:28173
1664980998308	mozrunner::runner	INFO	Running command: "/usr/lib/firefox/firefox" "--marionette" "-headless" "-no-remote" "-profile" "/tmp/rust_mozprofilemh41HX"
*** You are running in headless mode.
1664980998523	Marionette	INFO	Marionette enabled
1664980998526	Marionette	INFO	Listening on port 42203
Read port: 42203
1664980998713	RemoteAgent	WARN	TLS certificate errors will be ignored for this session
[GFX1-]: RenderCompositorSWGL failed mapping default framebuffer, no dt
console.warn: SearchSettings: "get: No settings file exists, new profile?" (new NotFoundError("Could not open the file at /tmp/rust_mozprofilemh41HX/search.json.mozlz4", (void 0)))
Missing chrome or resource URL: resource://gre/modules/UpdateListener.sys.mjs
Oct 05, 2022 10:43:19 AM org.openqa.selenium.remote.ProtocolHandshake createSession
INFO: Detected dialect: W3C
console.warn: LoginRecipes: "Falling back to a synchronous message for: http://localhost:7080."
]]></system-err>
  </testcase>
  <testcase name="FloatingMenu" classname="featureTwo.Scenario1" time="0.357">
    <system-out><![CDATA[4
Jedno z drugim: Home = Home
Jedno z drugim: News = News
Jedno z drugim: Contact = Contact
Jedno z drugim: About = About
All good
]]></system-out>
  </testcase>
  <testcase name="ForgotPassword" classname="featureTwo.Scenario1" time="0.68">
    <system-out><![CDATA["januszmaj@gmail.com"
Jest jo
]]></system-out>
    <system-err><![CDATA[console.warn: LoginRecipes: "Falling back to a synchronous message for: http://localhost:7080."
]]></system-err>
  </testcase>
  <testcase name="DynamicControlsCheckbox" classname="featureOne.Scenario1" time="13.517">
    <system-out><![CDATA[true
It's gone!
Checkbox is displayed again? : true
]]></system-out>
    <system-err><![CDATA[JavaScript warning: https://ajax.googleapis.com/ajax/libs/jquery/1.10.2/jquery.min.js, line 2: Using //@ to indicate sourceMappingURL pragmas is deprecated. Use //# instead
]]></system-err>
  </testcase>
  <testcase name="DynamicControlsEnableTextbox" classname="featureOne.Scenario1" time="3.188">
    <system-out><![CDATA[Is expected message shown? : true, It's enabled!
Text in textbox: 
]]></system-out>
    <system-err><![CDATA[JavaScript warning: https://ajax.googleapis.com/ajax/libs/jquery/1.10.2/jquery.min.js, line 2: Using //@ to indicate sourceMappingURL pragmas is deprecated. Use //# instead
]]></system-err>
  </testcase>
</testsuite>