<?xml version="1.0" encoding="UTF-8"?>
<!-- Generated by org.testng.reporters.JUnitReportReporter -->
<testsuite hostname="DESKTOP-CNTIPET" failures="0" tests="2" name="featureA.Scenario1" time="24.057" errors="0" timestamp="2022-08-18T20:36:42 GMT-05:00" skipped="0">
  <testcase classname="featureA.Scenario1" name="DynamicControlsCheckbox" time="13.359"/>
  <system-out/>
  <testcase classname="featureA.Scenario1" name="DynamicLoading" time="10.698"/>
  <system-out/>
</testsuite> <!-- featureA.Scenario1 -->
