<?xml version="1.0" encoding="UTF-8"?>
<!-- Generated by org.testng.reporters.JUnitReportReporter -->
<testsuite hostname="DESKTOP-CNTIPET" failures="0" tests="1" name="featureA.Scenario3" time="0.482" errors="0" timestamp="2022-08-18T20:36:42 GMT-05:00" skipped="0">
  <testcase classname="featureA.Scenario3" name="ForgotPassword" time="0.482"/>
  <system-out/>
</testsuite> <!-- featureA.Scenario3 -->
