<?xml version="1.0" encoding="UTF-8"?>
<!-- Generated by org.testng.reporters.JUnitReportReporter -->
<testsuite hostname="razz-X570-AORUS-PRO-WIFI" failures="0" tests="3" name="featureTwo.Scenario1" time="2.610" errors="0" timestamp="2022-10-05T10:43:45 EDT" skipped="0">
  <testcase classname="featureTwo.Scenario1" name="FloatingMenu" time="0.454"/>
  <system-out/>
  <testcase classname="featureTwo.Scenario1" name="FileUpload" time="1.374"/>
  <system-out/>
  <testcase classname="featureTwo.Scenario1" name="ForgotPassword" time="0.782"/>
  <system-out/>
</testsuite> <!-- featureTwo.Scenario1 -->
