<?xml version="1.0" encoding="UTF-8"?>
<!-- Generated by org.testng.reporters.JUnitReportReporter -->
<testsuite hostname="DESKTOP-2E2I19P" failures="0" tests="3" name="FeatureOne.Scenario1" time="27.394" errors="0" timestamp="2022-08-20T03:28:50 PDT" skipped="0">
  <testcase classname="FeatureOne.Scenario1" name="DynamicLoading" time="10.751"/>
  <system-out/>
  <testcase classname="FeatureOne.Scenario1" name="DynamicControlsCheckbox" time="13.364"/>
  <system-out/>
  <testcase classname="FeatureOne.Scenario1" name="DynamicControlsEnableTextbox" time="3.279"/>
  <system-out/>
</testsuite> <!-- FeatureOne.Scenario1 -->
